2024-06-04 13:35:57.485  INFO 46918 --- [restartedMain] c.e.m.MemberCertificationApplication     : Starting MemberCertificationApplication using Java 17.0.9 with PID 46918 (/Users/jjeong/Desktop/study/memberCertification/build/classes/java/main started by jjeong in /Users/jjeong/Desktop/study/memberCertification)
2024-06-04 13:35:57.487  INFO 46918 --- [restartedMain] c.e.m.MemberCertificationApplication     : No active profile set, falling back to 1 default profile: "default"
2024-06-04 13:35:57.516  INFO 46918 --- [restartedMain] .e.DevToolsPropertyDefaultsPostProcessor : Devtools property defaults active! Set 'spring.devtools.add-properties' to 'false' to disable
2024-06-04 13:35:57.516  INFO 46918 --- [restartedMain] .e.DevToolsPropertyDefaultsPostProcessor : For additional web related logging consider setting the 'logging.level.web' property to 'DEBUG'
2024-06-04 13:35:57.856  INFO 46918 --- [restartedMain] .s.d.r.c.RepositoryConfigurationDelegate : Bootstrapping Spring Data JPA repositories in DEFAULT mode.
2024-06-04 13:35:57.887  INFO 46918 --- [restartedMain] .s.d.r.c.RepositoryConfigurationDelegate : Finished Spring Data repository scanning in 27 ms. Found 5 JPA repository interfaces.
2024-06-04 13:35:58.167  INFO 46918 --- [restartedMain] o.s.b.w.embedded.tomcat.TomcatWebServer  : Tomcat initialized with port 8080 (http)
2024-06-04 13:35:58.173  INFO 46918 --- [restartedMain] o.apache.catalina.core.StandardService   : Starting service [Tomcat]
2024-06-04 13:35:58.173  INFO 46918 --- [restartedMain] o.apache.catalina.core.StandardEngine    : Starting Servlet engine: [Apache Tomcat/10.1.18]
2024-06-04 13:35:58.189  INFO 46918 --- [restartedMain] o.a.c.c.C.[Tomcat].[localhost].[/]       : Initializing Spring embedded WebApplicationContext
2024-06-04 13:35:58.189  INFO 46918 --- [restartedMain] w.s.c.ServletWebServerApplicationContext : Root WebApplicationContext: initialization completed in 672 ms
2024-06-04 13:35:58.253  INFO 46918 --- [restartedMain] o.hibernate.jpa.internal.util.LogHelper  : HHH000204: Processing PersistenceUnitInfo [name: default]
2024-06-04 13:35:58.280  INFO 46918 --- [restartedMain] org.hibernate.Version                    : HHH000412: Hibernate ORM core version 6.4.1.Final
2024-06-04 13:35:58.292  INFO 46918 --- [restartedMain] o.h.c.internal.RegionFactoryInitiator    : HHH000026: Second-level cache disabled
2024-06-04 13:35:58.387  INFO 46918 --- [restartedMain] o.s.o.j.p.SpringPersistenceUnitInfo      : No LoadTimeWeaver setup: ignoring JPA class transformer
2024-06-04 13:35:58.399  INFO 46918 --- [restartedMain] com.zaxxer.hikari.HikariDataSource       : HikariPool-1 - Starting...
2024-06-04 13:35:58.496  INFO 46918 --- [restartedMain] com.zaxxer.hikari.pool.HikariPool        : HikariPool-1 - Added connection org.postgresql.jdbc.PgConnection@16e1268c
2024-06-04 13:35:58.497  INFO 46918 --- [restartedMain] com.zaxxer.hikari.HikariDataSource       : HikariPool-1 - Start completed.
2024-06-04 13:35:58.527  WARN 46918 --- [restartedMain] org.hibernate.orm.deprecation            : HHH90000025: PostgreSQLDialect does not need to be specified explicitly using 'hibernate.dialect' (remove the property setting and it will be selected by default)
2024-06-04 13:35:58.945  INFO 46918 --- [restartedMain] o.h.e.t.j.p.i.JtaPlatformInitiator       : HHH000489: No JTA platform available (set 'hibernate.transaction.jta.platform' to enable JTA platform integration)
2024-06-04 13:35:59.032  INFO 46918 --- [restartedMain] j.LocalContainerEntityManagerFactoryBean : Initialized JPA EntityManagerFactory for persistence unit 'default'
2024-06-04 13:35:59.125  INFO 46918 --- [restartedMain] o.s.d.j.r.query.QueryEnhancerFactory     : Hibernate is in classpath; If applicable, HQL parser will be used.
2024-06-04 13:35:59.553  INFO 46918 --- [restartedMain] o.s.s.web.DefaultSecurityFilterChain     : Will secure any request with [org.springframework.security.web.session.DisableEncodeUrlFilter@33bd98ae, org.springframework.security.web.context.request.async.WebAsyncManagerIntegrationFilter@138f5cc1, org.springframework.security.web.context.SecurityContextHolderFilter@c5023d7, org.springframework.security.web.header.HeaderWriterFilter@5cb447bc, org.springframework.web.filter.CorsFilter@22542b92, org.springframework.security.web.csrf.CsrfFilter@5e36a06e, org.springframework.security.web.authentication.logout.LogoutFilter@cf0b611, org.springframework.security.web.authentication.UsernamePasswordAuthenticationFilter@20101048, org.springframework.security.web.savedrequest.RequestCacheAwareFilter@13a2e42e, org.springframework.security.web.servletapi.SecurityContextHolderAwareRequestFilter@24d92f99, org.springframework.security.web.authentication.AnonymousAuthenticationFilter@24a567c2, org.springframework.security.web.access.ExceptionTranslationFilter@7d16a9a7, org.springframework.security.web.access.intercept.AuthorizationFilter@21481bd1]
2024-06-04 13:35:59.556  INFO 46918 --- [restartedMain] o.s.s.web.DefaultSecurityFilterChain     : Will secure Or [Mvc [pattern='/api/**']] with [org.springframework.security.web.session.DisableEncodeUrlFilter@7291e4eb, org.springframework.security.web.context.request.async.WebAsyncManagerIntegrationFilter@22716569, org.springframework.security.web.context.SecurityContextHolderFilter@486ce74, org.springframework.security.web.header.HeaderWriterFilter@6908a53, org.springframework.web.filter.CorsFilter@1a83af49, org.springframework.security.web.csrf.CsrfFilter@433b0f4f, org.springframework.security.web.authentication.logout.LogoutFilter@e0bc76f, com.example.membercertification.security.filter.RestAuthenticationFilter@505c58cf, org.springframework.security.web.savedrequest.RequestCacheAwareFilter@1f5ce8dc, org.springframework.security.web.servletapi.SecurityContextHolderAwareRequestFilter@3e8c8c6c, org.springframework.security.web.authentication.AnonymousAuthenticationFilter@2d175893, org.springframework.security.web.access.ExceptionTranslationFilter@1e07fecd, org.springframework.security.web.access.intercept.AuthorizationFilter@2c5cc927]
2024-06-04 13:35:59.642  INFO 46918 --- [restartedMain] o.s.b.d.a.OptionalLiveReloadServer       : LiveReload server is running on port 35729
2024-06-04 13:35:59.660  INFO 46918 --- [restartedMain] o.s.b.w.embedded.tomcat.TomcatWebServer  : Tomcat started on port 8080 (http) with context path ''
2024-06-04 13:35:59.668 TRACE 46918 --- [restartedMain] org.hibernate.orm.jdbc.bind              : binding parameter (1:VARCHAR) <- [ROLE_ADMIN]
2024-06-04 13:35:59.671 TRACE 46918 --- [restartedMain] org.hibernate.orm.jdbc.bind              : binding parameter (1:VARCHAR) <- [admin]
2024-06-04 13:35:59.673 TRACE 46918 --- [restartedMain] org.hibernate.orm.jdbc.bind              : binding parameter (1:BIGINT) <- [1]
2024-06-04 13:35:59.676  INFO 46918 --- [restartedMain] c.e.m.MemberCertificationApplication     : Started MemberCertificationApplication in 2.396 seconds (process running for 2.86)
2024-06-04 13:36:06.471  INFO 46918 --- [SpringApplicationShutdownHook] j.LocalContainerEntityManagerFactoryBean : Closing JPA EntityManagerFactory for persistence unit 'default'
2024-06-04 13:36:06.475  INFO 46918 --- [SpringApplicationShutdownHook] com.zaxxer.hikari.HikariDataSource       : HikariPool-1 - Shutdown initiated...
2024-06-04 13:36:06.479  INFO 46918 --- [SpringApplicationShutdownHook] com.zaxxer.hikari.HikariDataSource       : HikariPool-1 - Shutdown completed.
